This is pdfeTeX, Version 3.141592-1.30.6-2.2 (MiKTeX 2.5) (preloaded format=latex 2007.2.13)  8 MAY 2007 22:55
entering extended mode
**egmeatloaf.tex
(egmeatloaf.tex
LaTeX2e <2005/12/01>
Babel <v3.8g> and hyphenation patterns for english, dumylang, nohyphenation, ge
rman, ngerman, french, loaded.

! LaTeX Error: Missing \begin{document}.

See the LaTeX manual or LaTeX Companion for explanation.
Type  H <return>  for immediate help.
 ...                                              
                                                  
l.1 \begin{flushleft}
                     \Large\bf A meat loaf tasting experiment
? x
 
Here is how much of TeX's memory you used:
 8 strings out of 95420
 256 string characters out of 1187324
 44877 words of memory out of 1048577
 3255 multiletter control sequences out of 60000
 3640 words of font info for 14 fonts, out of 1000000 for 2000
 14 hyphenation exceptions out of 8191
 10i,0n,4p,84b,22s stack positions out of 5000i,500n,10000p,200000b,32768s
No pages of output.
