This is pdfeTeX, Version 3.141592-1.30.6-2.2 (MiKTeX 2.5) (preloaded format=latex 2006.12.1)  6 MAY 2007 21:40
entering extended mode
**tt.tex
(tt.tex
LaTeX2e <2005/12/01>
Babel <v3.8g> and hyphenation patterns for english, french, german, ngerman, po
rtuguese, dumylang, nohyphenation, loaded.
("C:\Program Files\MiKTeX 2.5\tex\latex\base\article.cls"
Document Class: article 2005/09/16 v1.4f Standard LaTeX document class
("C:\Program Files\MiKTeX 2.5\tex\latex\base\size10.clo"
File: size10.clo 2005/09/16 v1.4f Standard LaTeX file (size option)
)
\c@part=\count79
\c@section=\count80
\c@subsection=\count81
\c@subsubsection=\count82
\c@paragraph=\count83
\c@subparagraph=\count84
\c@figure=\count85
\c@table=\count86
\abovecaptionskip=\skip41
\belowcaptionskip=\skip42
\bibindent=\dimen102
)
("C:\Program Files\MiKTeX 2.5\tex\latex\amsmath\amsmath.sty"
Package: amsmath 2000/07/18 v2.13 AMS math features
\@mathmargin=\skip43

For additional information on amsmath, use the `?' option.
("C:\Program Files\MiKTeX 2.5\tex\latex\amsmath\amstext.sty"
Package: amstext 2000/06/29 v2.01

("C:\Program Files\MiKTeX 2.5\tex\latex\amsmath\amsgen.sty"
File: amsgen.sty 1999/11/30 v2.0
\@emptytoks=\toks14
\ex@=\dimen103
))
("C:\Program Files\MiKTeX 2.5\tex\latex\amsmath\amsbsy.sty"
Package: amsbsy 1999/11/29 v1.2d
\pmbraise@=\dimen104
)
("C:\Program Files\MiKTeX 2.5\tex\latex\amsmath\amsopn.sty"
Package: amsopn 1999/12/14 v2.01 operator names
)
\inf@bad=\count87
LaTeX Info: Redefining \frac on input line 211.
\uproot@=\count88
\leftroot@=\count89
LaTeX Info: Redefining \overline on input line 307.
\classnum@=\count90
\DOTSCASE@=\count91
LaTeX Info: Redefining \ldots on input line 379.
LaTeX Info: Redefining \dots on input line 382.
LaTeX Info: Redefining \cdots on input line 467.
\Mathstrutbox@=\box26
\strutbox@=\box27
\big@size=\dimen105
LaTeX Font Info:    Redeclaring font encoding OML on input line 567.
LaTeX Font Info:    Redeclaring font encoding OMS on input line 568.
\macc@depth=\count92
\c@MaxMatrixCols=\count93
\dotsspace@=\muskip10
\c@parentequation=\count94
\dspbrk@lvl=\count95
\tag@help=\toks15
\row@=\count96
\column@=\count97
\maxfields@=\count98
\andhelp@=\toks16
\eqnshift@=\dimen106
\alignsep@=\dimen107
\tagshift@=\dimen108
\tagwidth@=\dimen109
\totwidth@=\dimen110
\lineht@=\dimen111
\@envbody=\toks17
\multlinegap=\skip44
\multlinetaggap=\skip45
\mathdisplay@stack=\toks18
LaTeX Info: Redefining \[ on input line 2666.
LaTeX Info: Redefining \] on input line 2667.
)
(C:\TexLocal\tex\Latex\EXTRA\fancybox.sty
Package: fancybox 2000/09/19 1.3

Style option: `fancybox' v1.3 <2000/09/19> (tvz)
\@fancybox=\box28
\shadowsize=\dimen112
\@Sbox=\box29
\do@VerbBox=\toks19
\the@fancyput=\toks20
\this@fancyput=\toks21
\EndVerbatimTokens=\toks22
\Verbatim@Outfile=\write3
\Verbatim@Infile=\read1
) (C:\TexLocal\tex\Latex\EXTRA\multibox.sty
\multi@rg=\toks23
)
(C:\TexLocal\tex\Latex\EXTRA\tools\theorem.sty
Package: theorem 1995/11/23 v2.2c Theorem extension package (FMi)
\theorem@style=\toks24
\theorem@bodyfont=\toks25
\theorempreskipamount=\skip46
\theorempostskipamount=\skip47

(C:\TexLocal\tex\Latex\EXTRA\tools\thp.sty
File: thp.sty 1995/11/23 v2.2c Theorem extension package (FMi)
))
(C:\TexLocal\tex\Latex\EXTRA\curves.sty
Document Style Option `curves' <12 August 2000>
\;sc=\count99
\;scp=\count100
\;t=\count101
\;cc=\count102
\;cnd=\count103
\;mcnd=\count104
\;np=\count105
\;overhang=\count106
\;pns=\count107
\;psc=\count108
\;pbs=\count109
\;rc=\count110
\;rtc=\count111
\;tc=\count112
\csdiameter=\dimen113
\curvelength=\dimen114
\overhang=\dimen115
\;dx=\dimen116
\;ddx=\dimen117
\;dy=\dimen118
\;ddy=\dimen119
\;pl=\dimen120
\;ucd=\dimen121
\;y=\dimen122
\;csbox=\box30
\;pt=\box31
\;strline=\toks26
\m;ssingcoord=\toks27
\;negdash=\toks28
\;oddcoord=\toks29
) ("C:\Program Files\MiKTeX 2.5\tex\latex\base\latexsym.sty"
Package: latexsym 1998/08/17 v2.2e Standard LaTeX package (lasy symbols)
\symlasy=\mathgroup4
LaTeX Font Info:    Overwriting symbol font `lasy' in version `bold'
(Font)                  U/lasy/m/n --> U/lasy/b/n on input line 47.
)
("C:\Program Files\MiKTeX 2.5\tex\latex\amsfonts\amssymb.sty"
Package: amssymb 2002/01/22 v2.2d

("C:\Program Files\MiKTeX 2.5\tex\latex\amsfonts\amsfonts.sty"
Package: amsfonts 2001/10/25 v2.2f
\symAMSa=\mathgroup5
\symAMSb=\mathgroup6
LaTeX Font Info:    Overwriting math alphabet `\mathfrak' in version `bold'
(Font)                  U/euf/m/n --> U/euf/b/n on input line 132.
))
(C:\TexLocal\tex\Latex\EXTRA\rss\natbib.sty
Package: natbib 1998/02/19 6.8 (PWD)
\bibhang=\skip48
\bibsep=\skip49
LaTeX Info: Redefining \cite on input line 451.
\c@NAT@ctr=\count113
)
\c@lemma=\count114
\c@theorem=\count115
\c@rules=\count116
\c@definition=\count117
\c@egg=\count118
\nlevnamesep=\skip50
\savetier=\box32
\perch=\skip51
 (tt.aux)
LaTeX Font Info:    Checking defaults for OML/cmm/m/it on input line 167.
LaTeX Font Info:    ... okay on input line 167.
LaTeX Font Info:    Checking defaults for T1/cmr/m/n on input line 167.
LaTeX Font Info:    ... okay on input line 167.
LaTeX Font Info:    Checking defaults for OT1/cmr/m/n on input line 167.
LaTeX Font Info:    ... okay on input line 167.
LaTeX Font Info:    Checking defaults for OMS/cmsy/m/n on input line 167.
LaTeX Font Info:    ... okay on input line 167.
LaTeX Font Info:    Checking defaults for OMX/cmex/m/n on input line 167.
LaTeX Font Info:    ... okay on input line 167.
LaTeX Font Info:    Checking defaults for U/cmr/m/n on input line 167.
LaTeX Font Info:    ... okay on input line 167.
 (splitcompose.tex
LaTeX Font Info:    Try loading font information for U+lasy on input line 7.

("C:\Program Files\MiKTeX 2.5\tex\latex\base\ulasy.fd"
File: ulasy.fd 1998/08/17 v2.2e LaTeX symbol font definitions
)
LaTeX Font Info:    Try loading font information for U+msa on input line 7.

("C:\Program Files\MiKTeX 2.5\tex\latex\amsfonts\umsa.fd"
File: umsa.fd 2002/01/19 v2.2g AMS font definitions
)
LaTeX Font Info:    Try loading font information for U+msb on input line 7.

("C:\Program Files\MiKTeX 2.5\tex\latex\amsfonts\umsb.fd"
File: umsb.fd 2002/01/19 v2.2g AMS font definitions
)
Overfull \hbox (47.64793pt too wide) in paragraph at lines 16--18
 [][][] 
 []

) [1

] (tt.aux)

LaTeX Warning: Label(s) may have changed. Rerun to get cross-references right.

 ) 
Here is how much of TeX's memory you used:
 1886 strings out of 95399
 19435 string characters out of 1187023
 68881 words of memory out of 1070500
 4981 multiletter control sequences out of 60000
 8060 words of font info for 33 fonts, out of 1000000 for 2000
 31 hyphenation exceptions out of 8191
 27i,11n,24p,234b,262s stack positions out of 5000i,500n,10000p,200000b,32768s

Output written on tt.dvi (1 page, 2116 bytes).
